<?xml version="1.0" encoding="UTF-8"?>
<testsuite name="org.example.ReflectionTest" tests="4" skipped="0" failures="0" errors="0" timestamp="2024-03-06T02:16:46" hostname="DESKTOP-MCMP3VQ" time="0.146">
  <properties/>
  <testcase name="showClass()" classname="org.example.ReflectionTest" time="0.026"/>
  <testcase name="load()" classname="org.example.ReflectionTest" time="0.05"/>
  <testcase name="controllerAndServiceScan()" classname="org.example.ReflectionTest" time="0.058"/>
  <testcase name="controllerScan()" classname="org.example.ReflectionTest" time="0.011"/>
  <system-out><![CDATA[11:16:46.136 [Test worker] DEBUG org.example.ReflectionTest - org.example.model.User
11:16:46.139 [Test worker] DEBUG org.example.ReflectionTest - User all declared fields: [[private java.lang.String org.example.model.User.userId, private java.lang.String org.example.model.User.name]]
11:16:46.141 [Test worker] DEBUG org.example.ReflectionTest - User all declared constructors: [[public org.example.model.User(java.lang.String,java.lang.String)]]
11:16:46.141 [Test worker] DEBUG org.example.ReflectionTest - User all declared methods: [[public boolean org.example.model.User.equals(java.lang.Object), public int org.example.model.User.hashCode(), public boolean org.example.model.User.equalsUser(org.example.model.User)]]
11:16:46.149 [Test worker] DEBUG org.example.ReflectionTest - clazz : [class org.example.model.User]
11:16:46.149 [Test worker] DEBUG org.example.ReflectionTest - clazz : [class org.example.model.User]
11:16:46.149 [Test worker] DEBUG org.example.ReflectionTest - clazz : [class org.example.model.User]
11:16:46.205 [Test worker] DEBUG org.reflections.Reflections - going to scan these urls: [file:/D:/lbk/Study/fastcampus/backend-project10/part1/my-version/mvc-practice/build/classes/java/test/, file:/D:/lbk/Study/fastcampus/backend-project10/part1/my-version/mvc-practice/build/classes/java/main/]
11:16:46.249 [Test worker] INFO org.reflections.Reflections - Reflections took 43 ms to scan 2 urls, producing 6 keys and 10 values 
11:16:46.250 [Test worker] DEBUG org.reflections.Reflections - expanded subtype java.lang.Comparable -> java.lang.Enum
11:16:46.250 [Test worker] DEBUG org.reflections.Reflections - expanded subtype java.io.Serializable -> java.lang.Enum
11:16:46.255 [Test worker] DEBUG org.example.ReflectionTest - beans: [[class org.example.controller.HomeService, class org.example.controller.HealthCheckController, class org.example.controller.HomeController]]
11:16:46.258 [Test worker] DEBUG org.reflections.Reflections - going to scan these urls: [file:/D:/lbk/Study/fastcampus/backend-project10/part1/my-version/mvc-practice/build/classes/java/test/, file:/D:/lbk/Study/fastcampus/backend-project10/part1/my-version/mvc-practice/build/classes/java/main/]
11:16:46.267 [Test worker] INFO org.reflections.Reflections - Reflections took 8 ms to scan 2 urls, producing 6 keys and 10 values 
11:16:46.267 [Test worker] DEBUG org.reflections.Reflections - expanded subtype java.lang.Comparable -> java.lang.Enum
11:16:46.267 [Test worker] DEBUG org.reflections.Reflections - expanded subtype java.io.Serializable -> java.lang.Enum
11:16:46.267 [Test worker] DEBUG org.example.ReflectionTest - beans: [[class org.example.controller.HealthCheckController, class org.example.controller.HomeController]]
]]></system-out>
  <system-err><![CDATA[]]></system-err>
</testsuite>
